This file contains any messages produced by compilers while
running configure, to aid debugging if configure makes a mistake.

It was created by drm_v4l2_demo configure 1.0.0, which was
generated by GNU Autoconf 2.69.  Invocation command line was

  $ ./configure 

## --------- ##
## Platform. ##
## --------- ##

hostname = ubuntu
uname -m = x86_64
uname -r = 5.4.0-62-generic
uname -s = Linux
uname -v = #70~18.04.1-Ubuntu SMP Tue Jan 12 17:18:00 UTC 2021

/usr/bin/uname -p = unknown
/bin/uname -X     = unknown

/bin/arch              = unknown
/usr/bin/arch -k       = unknown
/usr/convex/getsysinfo = unknown
/usr/bin/hostinfo      = unknown
/bin/machine           = unknown
/usr/bin/oslevel       = unknown
/bin/universe          = unknown

PATH: /usr/local/sbin
PATH: /usr/local/bin
PATH: /usr/sbin
PATH: /usr/bin
PATH: /sbin
PATH: /bin
PATH: /usr/games
PATH: /usr/local/games
PATH: /snap/bin


## ----------- ##
## Core tests. ##
## ----------- ##

configure:2091: checking for a BSD-compatible install
configure:2159: result: /usr/bin/install -c
configure:2170: checking whether build environment is sane
configure:2225: result: yes
configure:2376: checking for a thread-safe mkdir -p
configure:2415: result: /bin/mkdir -p
configure:2422: checking for gawk
configure:2438: found /usr/bin/gawk
configure:2449: result: gawk
configure:2460: checking whether make sets $(MAKE)
configure:2482: result: yes
configure:2511: checking whether make supports nested variables
configure:2528: result: yes
configure:2706: checking for gcc
configure:2722: found /usr/bin/gcc
configure:2733: result: gcc
configure:2962: checking for C compiler version
configure:2971: gcc --version >&5
gcc (Ubuntu 7.5.0-3ubuntu1~18.04) 7.5.0
Copyright (C) 2017 Free Software Foundation, Inc.
This is free software; see the source for copying conditions.  There is NO
warranty; not even for MERCHANTABILITY or FITNESS FOR A PARTICULAR PURPOSE.

configure:2982: $? = 0
configure:2971: gcc -v >&5
Using built-in specs.
COLLECT_GCC=gcc
COLLECT_LTO_WRAPPER=/usr/lib/gcc/x86_64-linux-gnu/7/lto-wrapper
OFFLOAD_TARGET_NAMES=nvptx-none
OFFLOAD_TARGET_DEFAULT=1
Target: x86_64-linux-gnu
Configured with: ../src/configure -v --with-pkgversion='Ubuntu 7.5.0-3ubuntu1~18.04' --with-bugurl=file:///usr/share/doc/gcc-7/README.Bugs --enable-languages=c,ada,c++,go,brig,d,fortran,objc,obj-c++ --prefix=/usr --with-gcc-major-version-only --program-suffix=-7 --program-prefix=x86_64-linux-gnu- --enable-shared --enable-linker-build-id --libexecdir=/usr/lib --without-included-gettext --enable-threads=posix --libdir=/usr/lib --enable-nls --enable-bootstrap --enable-clocale=gnu --enable-libstdcxx-debug --enable-libstdcxx-time=yes --with-default-libstdcxx-abi=new --enable-gnu-unique-object --disable-vtable-verify --enable-libmpx --enable-plugin --enable-default-pie --with-system-zlib --with-target-system-zlib --enable-objc-gc=auto --enable-multiarch --disable-werror --with-arch-32=i686 --with-abi=m64 --with-multilib-list=m32,m64,mx32 --enable-multilib --with-tune=generic --enable-offload-targets=nvptx-none --without-cuda-driver --enable-checking=release --build=x86_64-linux-gnu --host=x86_64-linux-gnu --target=x86_64-linux-gnu
Thread model: posix
gcc version 7.5.0 (Ubuntu 7.5.0-3ubuntu1~18.04) 
configure:2982: $? = 0
configure:2971: gcc -V >&5
gcc: error: unrecognized command line option '-V'
gcc: fatal error: no input files
compilation terminated.
configure:2982: $? = 1
configure:2971: gcc -qversion >&5
gcc: error: unrecognized command line option '-qversion'; did you mean '--version'?
gcc: fatal error: no input files
compilation terminated.
configure:2982: $? = 1
configure:3002: checking whether the C compiler works
configure:3024: gcc    conftest.c  >&5
configure:3028: $? = 0
configure:3076: result: yes
configure:3079: checking for C compiler default output file name
configure:3081: result: a.out
configure:3087: checking for suffix of executables
configure:3094: gcc -o conftest    conftest.c  >&5
configure:3098: $? = 0
configure:3120: result: 
configure:3142: checking whether we are cross compiling
configure:3150: gcc -o conftest    conftest.c  >&5
configure:3154: $? = 0
configure:3161: ./conftest
configure:3165: $? = 0
configure:3180: result: no
configure:3185: checking for suffix of object files
configure:3207: gcc -c   conftest.c >&5
configure:3211: $? = 0
configure:3232: result: o
configure:3236: checking whether we are using the GNU C compiler
configure:3255: gcc -c   conftest.c >&5
configure:3255: $? = 0
configure:3264: result: yes
configure:3273: checking whether gcc accepts -g
configure:3293: gcc -c -g  conftest.c >&5
configure:3293: $? = 0
configure:3334: result: yes
configure:3351: checking for gcc option to accept ISO C89
configure:3414: gcc  -c -g -O2  conftest.c >&5
configure:3414: $? = 0
configure:3427: result: none needed
configure:3452: checking whether gcc understands -c and -o together
configure:3474: gcc -c conftest.c -o conftest2.o
configure:3477: $? = 0
configure:3474: gcc -c conftest.c -o conftest2.o
configure:3477: $? = 0
configure:3489: result: yes
configure:3517: checking for style of include used by make
configure:3545: result: GNU
configure:3571: checking dependency style of gcc
configure:3682: result: gcc3
configure:3747: checking for ar
configure:3763: found /usr/bin/ar
configure:3774: result: ar
configure:3800: checking the archiver (ar) interface
configure:3816: gcc -c -g -O2  conftest.c >&5
configure:3816: $? = 0
configure:3818: ar cru libconftest.a conftest.o >&5
ar: `u' modifier ignored since `D' is the default (see `U')
configure:3821: $? = 0
configure:3849: result: ar
configure:3912: checking for ranlib
configure:3928: found /usr/bin/ranlib
configure:3939: result: ranlib
configure:3970: checking how to run the C preprocessor
configure:4001: gcc -E  conftest.c
configure:4001: $? = 0
configure:4015: gcc -E  conftest.c
conftest.c:11:10: fatal error: ac_nonexistent.h: No such file or directory
 #include <ac_nonexistent.h>
          ^~~~~~~~~~~~~~~~~~
compilation terminated.
configure:4015: $? = 1
configure: failed program was:
| /* confdefs.h */
| #define PACKAGE_NAME "drm_v4l2_demo"
| #define PACKAGE_TARNAME "drm_v4l2_demo"
| #define PACKAGE_VERSION "1.0.0"
| #define PACKAGE_STRING "drm_v4l2_demo 1.0.0"
| #define PACKAGE_BUGREPORT "huangxiaobo@brigates.com"
| #define PACKAGE_URL "hxb-gt"
| #define PACKAGE "drm_v4l2_demo"
| #define VERSION "1.0.0"
| /* end confdefs.h.  */
| #include <ac_nonexistent.h>
configure:4040: result: gcc -E
configure:4060: gcc -E  conftest.c
configure:4060: $? = 0
configure:4074: gcc -E  conftest.c
conftest.c:11:10: fatal error: ac_nonexistent.h: No such file or directory
 #include <ac_nonexistent.h>
          ^~~~~~~~~~~~~~~~~~
compilation terminated.
configure:4074: $? = 1
configure: failed program was:
| /* confdefs.h */
| #define PACKAGE_NAME "drm_v4l2_demo"
| #define PACKAGE_TARNAME "drm_v4l2_demo"
| #define PACKAGE_VERSION "1.0.0"
| #define PACKAGE_STRING "drm_v4l2_demo 1.0.0"
| #define PACKAGE_BUGREPORT "huangxiaobo@brigates.com"
| #define PACKAGE_URL "hxb-gt"
| #define PACKAGE "drm_v4l2_demo"
| #define VERSION "1.0.0"
| /* end confdefs.h.  */
| #include <ac_nonexistent.h>
configure:4103: checking for grep that handles long lines and -e
configure:4161: result: /bin/grep
configure:4166: checking for egrep
configure:4228: result: /bin/grep -E
configure:4233: checking for ANSI C header files
configure:4253: gcc -c -g -O2  conftest.c >&5
configure:4253: $? = 0
configure:4326: gcc -o conftest -g -O2   conftest.c  >&5
configure:4326: $? = 0
configure:4326: ./conftest
configure:4326: $? = 0
configure:4337: result: yes
configure:4350: checking for sys/types.h
configure:4350: gcc -c -g -O2  conftest.c >&5
configure:4350: $? = 0
configure:4350: result: yes
configure:4350: checking for sys/stat.h
configure:4350: gcc -c -g -O2  conftest.c >&5
configure:4350: $? = 0
configure:4350: result: yes
configure:4350: checking for stdlib.h
configure:4350: gcc -c -g -O2  conftest.c >&5
configure:4350: $? = 0
configure:4350: result: yes
configure:4350: checking for string.h
configure:4350: gcc -c -g -O2  conftest.c >&5
configure:4350: $? = 0
configure:4350: result: yes
configure:4350: checking for memory.h
configure:4350: gcc -c -g -O2  conftest.c >&5
configure:4350: $? = 0
configure:4350: result: yes
configure:4350: checking for strings.h
configure:4350: gcc -c -g -O2  conftest.c >&5
configure:4350: $? = 0
configure:4350: result: yes
configure:4350: checking for inttypes.h
configure:4350: gcc -c -g -O2  conftest.c >&5
configure:4350: $? = 0
configure:4350: result: yes
configure:4350: checking for stdint.h
configure:4350: gcc -c -g -O2  conftest.c >&5
configure:4350: $? = 0
configure:4350: result: yes
configure:4350: checking for unistd.h
configure:4350: gcc -c -g -O2  conftest.c >&5
configure:4350: $? = 0
configure:4350: result: yes
configure:4362: checking stdio.h usability
configure:4362: gcc -c -g -O2  conftest.c >&5
configure:4362: $? = 0
configure:4362: result: yes
configure:4362: checking stdio.h presence
configure:4362: gcc -E  conftest.c
configure:4362: $? = 0
configure:4362: result: yes
configure:4362: checking for stdio.h
configure:4362: result: yes
configure:4373: checking getopt.h usability
configure:4373: gcc -c -g -O2  conftest.c >&5
configure:4373: $? = 0
configure:4373: result: yes
configure:4373: checking getopt.h presence
configure:4373: gcc -E  conftest.c
configure:4373: $? = 0
configure:4373: result: yes
configure:4373: checking for getopt.h
configure:4373: result: yes
configure:4506: checking that generated files are newer than configure
configure:4512: result: done
configure:4535: creating ./config.status

## ---------------------- ##
## Running config.status. ##
## ---------------------- ##

This file was extended by drm_v4l2_demo config.status 1.0.0, which was
generated by GNU Autoconf 2.69.  Invocation command line was

  CONFIG_FILES    = 
  CONFIG_HEADERS  = 
  CONFIG_LINKS    = 
  CONFIG_COMMANDS = 
  $ ./config.status 

on ubuntu

config.status:862: creating Makefile
config.status:862: creating src/Makefile
config.status:862: creating lib/Makefile
config.status:862: creating config.h
config.status:1043: config.h is unchanged
config.status:1091: executing depfiles commands

## ---------------- ##
## Cache variables. ##
## ---------------- ##

ac_cv_c_compiler_gnu=yes
ac_cv_env_CC_set=
ac_cv_env_CC_value=
ac_cv_env_CFLAGS_set=
ac_cv_env_CFLAGS_value=
ac_cv_env_CPPFLAGS_set=
ac_cv_env_CPPFLAGS_value=
ac_cv_env_CPP_set=
ac_cv_env_CPP_value=
ac_cv_env_LDFLAGS_set=
ac_cv_env_LDFLAGS_value=
ac_cv_env_LIBS_set=
ac_cv_env_LIBS_value=
ac_cv_env_build_alias_set=
ac_cv_env_build_alias_value=
ac_cv_env_host_alias_set=
ac_cv_env_host_alias_value=
ac_cv_env_target_alias_set=
ac_cv_env_target_alias_value=
ac_cv_header_getopt_h=yes
ac_cv_header_inttypes_h=yes
ac_cv_header_memory_h=yes
ac_cv_header_stdc=yes
ac_cv_header_stdint_h=yes
ac_cv_header_stdio_h=yes
ac_cv_header_stdlib_h=yes
ac_cv_header_string_h=yes
ac_cv_header_strings_h=yes
ac_cv_header_sys_stat_h=yes
ac_cv_header_sys_types_h=yes
ac_cv_header_unistd_h=yes
ac_cv_objext=o
ac_cv_path_EGREP='/bin/grep -E'
ac_cv_path_GREP=/bin/grep
ac_cv_path_install='/usr/bin/install -c'
ac_cv_path_mkdir=/bin/mkdir
ac_cv_prog_AWK=gawk
ac_cv_prog_CPP='gcc -E'
ac_cv_prog_ac_ct_AR=ar
ac_cv_prog_ac_ct_CC=gcc
ac_cv_prog_ac_ct_RANLIB=ranlib
ac_cv_prog_cc_c89=
ac_cv_prog_cc_g=yes
ac_cv_prog_make_make_set=yes
am_cv_CC_dependencies_compiler_type=gcc3
am_cv_ar_interface=ar
am_cv_make_support_nested_variables=yes
am_cv_prog_cc_c_o=yes

## ----------------- ##
## Output variables. ##
## ----------------- ##

ACLOCAL='${SHELL} /home/hxb/works/opensource_package/drm_v4l2_show/missing aclocal-1.15'
AMDEPBACKSLASH='\'
AMDEP_FALSE='#'
AMDEP_TRUE=''
AMTAR='$${TAR-tar}'
AM_BACKSLASH='\'
AM_DEFAULT_V='$(AM_DEFAULT_VERBOSITY)'
AM_DEFAULT_VERBOSITY='1'
AM_V='$(V)'
AR='ar'
AUTOCONF='${SHELL} /home/hxb/works/opensource_package/drm_v4l2_show/missing autoconf'
AUTOHEADER='${SHELL} /home/hxb/works/opensource_package/drm_v4l2_show/missing autoheader'
AUTOMAKE='${SHELL} /home/hxb/works/opensource_package/drm_v4l2_show/missing automake-1.15'
AWK='gawk'
CC='gcc'
CCDEPMODE='depmode=gcc3'
CFLAGS='-g -O2'
CPP='gcc -E'
CPPFLAGS=''
CYGPATH_W='echo'
DEFS='-DHAVE_CONFIG_H'
DEPDIR='.deps'
ECHO_C=''
ECHO_N='-n'
ECHO_T=''
EGREP='/bin/grep -E'
EXEEXT=''
GREP='/bin/grep'
INSTALL_DATA='${INSTALL} -m 644'
INSTALL_PROGRAM='${INSTALL}'
INSTALL_SCRIPT='${INSTALL}'
INSTALL_STRIP_PROGRAM='$(install_sh) -c -s'
LDFLAGS=''
LIBOBJS=''
LIBS=''
LTLIBOBJS=''
MAKEINFO='${SHELL} /home/hxb/works/opensource_package/drm_v4l2_show/missing makeinfo'
MKDIR_P='/bin/mkdir -p'
OBJEXT='o'
PACKAGE='drm_v4l2_demo'
PACKAGE_BUGREPORT='huangxiaobo@brigates.com'
PACKAGE_NAME='drm_v4l2_demo'
PACKAGE_STRING='drm_v4l2_demo 1.0.0'
PACKAGE_TARNAME='drm_v4l2_demo'
PACKAGE_URL='hxb-gt'
PACKAGE_VERSION='1.0.0'
PATH_SEPARATOR=':'
RANLIB='ranlib'
SET_MAKE=''
SHELL='/bin/bash'
STRIP=''
VERSION='1.0.0'
ac_ct_AR='ar'
ac_ct_CC='gcc'
am__EXEEXT_FALSE=''
am__EXEEXT_TRUE='#'
am__fastdepCC_FALSE='#'
am__fastdepCC_TRUE=''
am__include='include'
am__isrc=''
am__leading_dot='.'
am__nodep='_no'
am__quote=''
am__tar='$${TAR-tar} chof - "$$tardir"'
am__untar='$${TAR-tar} xf -'
bindir='${exec_prefix}/bin'
build_alias=''
datadir='${datarootdir}'
datarootdir='${prefix}/share'
docdir='${datarootdir}/doc/${PACKAGE_TARNAME}'
dvidir='${docdir}'
exec_prefix='${prefix}'
host_alias=''
htmldir='${docdir}'
includedir='${prefix}/include'
infodir='${datarootdir}/info'
install_sh='${SHELL} /home/hxb/works/opensource_package/drm_v4l2_show/install-sh'
libdir='${exec_prefix}/lib'
libexecdir='${exec_prefix}/libexec'
localedir='${datarootdir}/locale'
localstatedir='${prefix}/var'
mandir='${datarootdir}/man'
mkdir_p='$(MKDIR_P)'
oldincludedir='/usr/include'
pdfdir='${docdir}'
prefix='/usr/local'
program_transform_name='s,x,x,'
psdir='${docdir}'
runstatedir='${localstatedir}/run'
sbindir='${exec_prefix}/sbin'
sharedstatedir='${prefix}/com'
sysconfdir='${prefix}/etc'
target_alias=''

## ----------- ##
## confdefs.h. ##
## ----------- ##

/* confdefs.h */
#define PACKAGE_NAME "drm_v4l2_demo"
#define PACKAGE_TARNAME "drm_v4l2_demo"
#define PACKAGE_VERSION "1.0.0"
#define PACKAGE_STRING "drm_v4l2_demo 1.0.0"
#define PACKAGE_BUGREPORT "huangxiaobo@brigates.com"
#define PACKAGE_URL "hxb-gt"
#define PACKAGE "drm_v4l2_demo"
#define VERSION "1.0.0"
#define STDC_HEADERS 1
#define HAVE_SYS_TYPES_H 1
#define HAVE_SYS_STAT_H 1
#define HAVE_STDLIB_H 1
#define HAVE_STRING_H 1
#define HAVE_MEMORY_H 1
#define HAVE_STRINGS_H 1
#define HAVE_INTTYPES_H 1
#define HAVE_STDINT_H 1
#define HAVE_UNISTD_H 1
#define HAVE_STDIO_H 1
#define HAVE_GETOPT_H 1
#define COPYRIGHT_YEAR 2021


configure: exit 0
